{"contracts/Token.sol":{"l":{"36":3,"37":3,"50":5,"54":4,"60":4,"63":4,"64":4,"67":4,"77":11},"path":"/home/cfeldhues/git/hardhat/contracts/Token.sol","s":{"1":5,"2":4,"3":4,"4":4,"5":11},"b":{"1":[4,1]},"f":{"1":3,"2":5,"3":11},"fnMap":{"1":{"name":"constructor","line":33,"loc":{"start":{"line":33,"column":4},"end":{"line":38,"column":4}}},"2":{"name":"transfer","line":46,"loc":{"start":{"line":46,"column":4},"end":{"line":68,"column":4}}},"3":{"name":"balanceOf","line":76,"loc":{"start":{"line":76,"column":4},"end":{"line":78,"column":4}}}},"statementMap":{"1":{"start":{"line":50,"column":8},"end":{"line":50,"column":67}},"2":{"start":{"line":54,"column":8},"end":{"line":54,"column":1889}},"3":{"start":{"line":60,"column":8},"end":{"line":60,"column":24}},"4":{"start":{"line":67,"column":8},"end":{"line":67,"column":51}},"5":{"start":{"line":77,"column":8},"end":{"line":77,"column":32}}},"branchMap":{"1":{"line":50,"type":"if","locations":[{"start":{"line":50,"column":8},"end":{"line":50,"column":8}},{"start":{"line":50,"column":8},"end":{"line":50,"column":8}}]}}}}